\BOOKMARK [1][-]{section.1}{\376\377\000I\000n\000t\000r\000o\000d\000u\000c\000t\000i\000o\000n}{}% 1
\BOOKMARK [1][-]{section.2}{\376\377\000M\000e\000t\000h\000o\000d\000s}{}% 2
\BOOKMARK [2][-]{subsection.2.1}{\376\377\000P\000a\000r\000t\000i\000c\000i\000p\000a\000n\000t\000\040\000a\000n\000d\000\040\000T\000a\000s\000k}{section.2}% 3
\BOOKMARK [2][-]{subsection.2.2}{\376\377\000E\000E\000G\000\040\000R\000e\000c\000o\000r\000d\000i\000n\000g}{section.2}% 4
\BOOKMARK [2][-]{subsection.2.3}{\376\377\000V\000i\000d\000e\000o\000\040\000R\000e\000c\000o\000r\000d\000i\000n\000g\000\040\000a\000n\000d\000\040\000P\000o\000s\000e\000\040\000E\000s\000t\000i\000m\000a\000t\000i\000o\000n}{section.2}% 5
\BOOKMARK [2][-]{subsection.2.4}{\376\377\000A\000n\000a\000l\000y\000s\000i\000s}{section.2}% 6
\BOOKMARK [1][-]{section.3}{\376\377\000R\000e\000s\000u\000l\000t\000s}{}% 7
\BOOKMARK [2][-]{subsection.3.1}{\376\377\000S\000e\000s\000s\000i\000o\000n\000\040\000O\000v\000e\000r\000v\000i\000e\000w}{section.3}% 8
\BOOKMARK [2][-]{subsection.3.2}{\376\377\000C\000o\000n\000t\000i\000n\000u\000o\000u\000s\000\040\000B\000a\000n\000d\000\040\000P\000o\000w\000e\000r}{section.3}% 9
\BOOKMARK [2][-]{subsection.3.3}{\376\377\000S\000i\000g\000n\000a\000l\000\040\000F\000i\000l\000t\000e\000r\000i\000n\000g}{section.3}% 10
\BOOKMARK [2][-]{subsection.3.4}{\376\377\000S\000h\000o\000t\000-\000L\000o\000c\000k\000e\000d\000\040\000A\000v\000e\000r\000a\000g\000e\000s}{section.3}% 11
\BOOKMARK [2][-]{subsection.3.5}{\376\377\000M\000a\000d\000e\000\040\000v\000s\000.\000\040\000M\000i\000s\000s\000e\000d\000\040\000C\000o\000m\000p\000a\000r\000i\000s\000o\000n}{section.3}% 12
\BOOKMARK [2][-]{subsection.3.6}{\376\377\000P\000h\000a\000s\000e\000-\000W\000i\000s\000e\000\040\000A\000n\000a\000l\000y\000s\000i\000s}{section.3}% 13
\BOOKMARK [2][-]{subsection.3.7}{\376\377\000S\000t\000a\000t\000i\000s\000t\000i\000c\000a\000l\000\040\000C\000o\000m\000p\000a\000r\000i\000s\000o\000n\000s}{section.3}% 14
\BOOKMARK [2][-]{subsection.3.8}{\376\377\000T\000h\000e\000t\000a\000/\000A\000l\000p\000h\000a\000\040\000R\000a\000t\000i\000o}{section.3}% 15
\BOOKMARK [2][-]{subsection.3.9}{\376\377\000S\000h\000o\000t\000-\000b\000y\000-\000S\000h\000o\000t\000\040\000P\000r\000o\000g\000r\000e\000s\000s\000i\000o\000n}{section.3}% 16
\BOOKMARK [1][-]{section.4}{\376\377\000V\000i\000d\000e\000o\000\040\000a\000n\000d\000\040\000P\000o\000s\000e\000\040\000E\000s\000t\000i\000m\000a\000t\000i\000o\000n\000\040\000A\000n\000a\000l\000y\000s\000i\000s}{}% 17
\BOOKMARK [2][-]{subsection.4.1}{\376\377\000S\000h\000o\000t\000\040\000S\000t\000o\000p\000-\000M\000o\000t\000i\000o\000n\000\040\000M\000o\000n\000t\000a\000g\000e}{section.4}% 18
\BOOKMARK [2][-]{subsection.4.2}{\376\377\000G\000h\000o\000s\000t\000\040\000S\000h\000o\000t\000\040\000O\000v\000e\000r\000l\000a\000y}{section.4}% 19
\BOOKMARK [2][-]{subsection.4.3}{\376\377\000P\000o\000s\000e\000\040\000K\000i\000n\000e\000m\000a\000t\000i\000c\000s\000\040\000T\000r\000a\000j\000e\000c\000t\000o\000r\000i\000e\000s}{section.4}% 20
\BOOKMARK [2][-]{subsection.4.4}{\376\377\000I\000n\000t\000e\000g\000r\000a\000t\000e\000d\000\040\000P\000o\000s\000e\000\040\000a\000n\000d\000\040\000E\000E\000G\000\040\000A\000n\000a\000l\000y\000s\000i\000s}{section.4}% 21
\BOOKMARK [2][-]{subsection.4.5}{\376\377\000A\000v\000e\000r\000a\000g\000e\000\040\000F\000r\000a\000m\000e\000\040\000C\000o\000m\000p\000o\000s\000i\000t\000e\000s}{section.4}% 22
\BOOKMARK [1][-]{section.5}{\376\377\000D\000i\000s\000c\000u\000s\000s\000i\000o\000n}{}% 23
\BOOKMARK [2][-]{subsection.5.1}{\376\377\000L\000i\000m\000i\000t\000a\000t\000i\000o\000n\000s}{section.5}% 24
\BOOKMARK [1][-]{section.6}{\376\377\000C\000o\000n\000c\000l\000u\000s\000i\000o\000n}{}% 25
